# JRE version: OpenJDK Runtime Environment (15.0.1+9) (build 15.0.1+9-18)
# Java VM: OpenJDK 64-Bit Server VM (15.0.1+9-18, mixed mode, tiered, compressed oops, g1 gc, windows-amd64)
GC Precious Log:
 CPUs: 4 total, 4 available
 Memory: 8073M
 Large Page Support: Disabled
 NUMA Support: Disabled
 Compressed Oops: Enabled (32-bit)
 Heap Region Size: 1M
 Heap Min Capacity: 8M
 Heap Initial Capacity: 128M
 Heap Max Capacity: 2020M
 Pre-touch: Disabled
 Parallel Workers: 4
 Concurrent Workers: 1
 Concurrent Refinement Workers: 4
 Periodic GC: Disabled
Heap:
 garbage-first heap   total 70656K, used 39722K [0x0000000081c00000, 0x0000000100000000)
  region size 1024K, 9 young (9216K), 1 survivors (1024K)
 Metaspace       used 71819K, capacity 72466K, committed 72776K, reserved 1112064K
  class space    used 9517K, capacity 9729K, committed 9880K, reserved 1048576K
GC Heap History (20 events):
Event: 295.727 GC heap before
{Heap before GC invocations=297 (full 0):
 garbage-first heap   total 68608K, used 59144K [0x0000000081c00000, 0x0000000100000000)
  region size 1024K, 27 young (27648K), 1 survivors (1024K)
 Metaspace       used 71819K, capacity 72466K, committed 72776K, reserved 1112064K
  class space    used 9517K, capacity 9729K, committed 9880K, reserved 1048576K
}
Event: 295.728 GC heap after
{Heap after GC invocations=298 (full 0):
 garbage-first heap   total 68608K, used 32538K [0x0000000081c00000, 0x0000000100000000)
  region size 1024K, 1 young (1024K), 1 survivors (1024K)
 Metaspace       used 71819K, capacity 72466K, committed 72776K, reserved 1112064K
  class space    used 9517K, capacity 9729K, committed 9880K, reserved 1048576K
}
Event: 298.674 GC heap before
{Heap before GC invocations=298 (full 0):
 garbage-first heap   total 68608K, used 59162K [0x0000000081c00000, 0x0000000100000000)
  region size 1024K, 27 young (27648K), 1 survivors (1024K)
 Metaspace       used 71819K, capacity 72466K, committed 72776K, reserved 1112064K
  class space    used 9517K, capacity 9729K, committed 9880K, reserved 1048576K
}
Event: 298.676 GC heap after
{Heap after GC invocations=299 (full 0):
 garbage-first heap   total 68608K, used 32528K [0x0000000081c00000, 0x0000000100000000)
  region size 1024K, 1 young (1024K), 1 survivors (1024K)
 Metaspace       used 71819K, capacity 72466K, committed 72776K, reserved 1112064K
  class space    used 9517K, capacity 9729K, committed 9880K, reserved 1048576K
}
Event: 300.948 GC heap before
{Heap before GC invocations=300 (full 0):
 garbage-first heap   total 68608K, used 59152K [0x0000000081c00000, 0x0000000100000000)
  region size 1024K, 27 young (27648K), 1 survivors (1024K)
 Metaspace       used 71819K, capacity 72466K, committed 72776K, reserved 1112064K
  class space    used 9517K, capacity 9729K, committed 9880K, reserved 1048576K
}
Event: 300.949 GC heap after
{Heap after GC invocations=301 (full 0):
 garbage-first heap   total 68608K, used 32530K [0x0000000081c00000, 0x0000000100000000)
  region size 1024K, 1 young (1024K), 1 survivors (1024K)
 Metaspace       used 71819K, capacity 72466K, committed 72776K, reserved 1112064K
  class space    used 9517K, capacity 9729K, committed 9880K, reserved 1048576K
}
Event: 304.304 GC heap before
{Heap before GC invocations=301 (full 0):
 garbage-first heap   total 68608K, used 59154K [0x0000000081c00000, 0x0000000100000000)
  region size 1024K, 27 young (27648K), 1 survivors (1024K)
 Metaspace       used 71819K, capacity 72466K, committed 72776K, reserved 1112064K
  class space    used 9517K, capacity 9729K, committed 9880K, reserved 1048576K
}
Event: 304.306 GC heap after
{Heap after GC invocations=302 (full 0):
 garbage-first heap   total 68608K, used 32538K [0x0000000081c00000, 0x0000000100000000)
  region size 1024K, 1 young (1024K), 1 survivors (1024K)
 Metaspace       used 71819K, capacity 72466K, committed 72776K, reserved 1112064K
  class space    used 9517K, capacity 9729K, committed 9880K, reserved 1048576K
}
Event: 307.249 GC heap before
{Heap before GC invocations=303 (full 0):
 garbage-first heap   total 68608K, used 59162K [0x0000000081c00000, 0x0000000100000000)
  region size 1024K, 27 young (27648K), 1 survivors (1024K)
 Metaspace       used 71819K, capacity 72466K, committed 72776K, reserved 1112064K
  class space    used 9517K, capacity 9729K, committed 9880K, reserved 1048576K
}
Event: 307.252 GC heap after
{Heap after GC invocations=304 (full 0):
 garbage-first heap   total 68608K, used 32544K [0x0000000081c00000, 0x0000000100000000)
  region size 1024K, 1 young (1024K), 1 survivors (1024K)
 Metaspace       used 71819K, capacity 72466K, committed 72776K, reserved 1112064K
  class space    used 9517K, capacity 9729K, committed 9880K, reserved 1048576K
}
Event: 309.892 GC heap before
{Heap before GC invocations=304 (full 0):
 garbage-first heap   total 68608K, used 59168K [0x0000000081c00000, 0x0000000100000000)
  region size 1024K, 27 young (27648K), 1 survivors (1024K)
 Metaspace       used 71819K, capacity 72466K, committed 72776K, reserved 1112064K
  class space    used 9517K, capacity 9729K, committed 9880K, reserved 1048576K
}
Event: 309.893 GC heap after
{Heap after GC invocations=305 (full 0):
 garbage-first heap   total 68608K, used 32556K [0x0000000081c00000, 0x0000000100000000)
  region size 1024K, 1 young (1024K), 1 survivors (1024K)
 Metaspace       used 71819K, capacity 72466K, committed 72776K, reserved 1112064K
  class space    used 9517K, capacity 9729K, committed 9880K, reserved 1048576K
}
Event: 312.228 GC heap before
{Heap before GC invocations=306 (full 0):
 garbage-first heap   total 68608K, used 59180K [0x0000000081c00000, 0x0000000100000000)
  region size 1024K, 27 young (27648K), 1 survivors (1024K)
 Metaspace       used 71819K, capacity 72466K, committed 72776K, reserved 1112064K
  class space    used 9517K, capacity 9729K, committed 9880K, reserved 1048576K
}
Event: 312.229 GC heap after
{Heap after GC invocations=307 (full 0):
 garbage-first heap   total 68608K, used 32558K [0x0000000081c00000, 0x0000000100000000)
  region size 1024K, 1 young (1024K), 1 survivors (1024K)
 Metaspace       used 71819K, capacity 72466K, committed 72776K, reserved 1112064K
  class space    used 9517K, capacity 9729K, committed 9880K, reserved 1048576K
}
Event: 314.689 GC heap before
{Heap before GC invocations=307 (full 0):
 garbage-first heap   total 68608K, used 59182K [0x0000000081c00000, 0x0000000100000000)
  region size 1024K, 27 young (27648K), 1 survivors (1024K)
 Metaspace       used 71819K, capacity 72466K, committed 72776K, reserved 1112064K
  class space    used 9517K, capacity 9729K, committed 9880K, reserved 1048576K
}
Event: 314.690 GC heap after
{Heap after GC invocations=308 (full 0):
 garbage-first heap   total 68608K, used 32552K [0x0000000081c00000, 0x0000000100000000)
  region size 1024K, 1 young (1024K), 1 survivors (1024K)
 Metaspace       used 71819K, capacity 72466K, committed 72776K, reserved 1112064K
  class space    used 9517K, capacity 9729K, committed 9880K, reserved 1048576K
}
Event: 317.114 GC heap before
{Heap before GC invocations=309 (full 0):
 garbage-first heap   total 68608K, used 59176K [0x0000000081c00000, 0x0000000100000000)
  region size 1024K, 27 young (27648K), 1 survivors (1024K)
 Metaspace       used 71819K, capacity 72466K, committed 72776K, reserved 1112064K
  class space    used 9517K, capacity 9729K, committed 9880K, reserved 1048576K
}
Event: 317.114 GC heap after
{Heap after GC invocations=310 (full 0):
 garbage-first heap   total 68608K, used 32544K [0x0000000081c00000, 0x0000000100000000)
  region size 1024K, 1 young (1024K), 1 survivors (1024K)
 Metaspace       used 71819K, capacity 72466K, committed 72776K, reserved 1112064K
  class space    used 9517K, capacity 9729K, committed 9880K, reserved 1048576K
}
Event: 318.800 GC heap before
{Heap before GC invocations=310 (full 0):
 garbage-first heap   total 68608K, used 59168K [0x0000000081c00000, 0x0000000100000000)
  region size 1024K, 27 young (27648K), 1 survivors (1024K)
 Metaspace       used 71819K, capacity 72466K, committed 72776K, reserved 1112064K
  class space    used 9517K, capacity 9729K, committed 9880K, reserved 1048576K
}
Event: 318.801 GC heap after
{Heap after GC invocations=311 (full 0):
 garbage-first heap   total 68608K, used 32554K [0x0000000081c00000, 0x0000000100000000)
  region size 1024K, 1 young (1024K), 1 survivors (1024K)
 Metaspace       used 71819K, capacity 72466K, committed 72776K, reserved 1112064K
  class space    used 9517K, capacity 9729K, committed 9880K, reserved 1048576K
}

